Using pre-set license
Built from '2020.3/release' branch; Version is '2020.3.15f2 (6cf78cb77498) revision 7141260'; Using compiler version '192528614'; Build Type 'Release'
OS: 'Windows 8.1  (6.3.0) 64bit' Language: 'en' Physical Memory: 8191 MB
BatchMode: 1, IsHumanControllingUs: 0, StartBugReporterOnCrash: 0, Is64bit: 1, IsPro: 0

 COMMAND LINE ARGUMENTS:
C:\Program Files\Unity\Hub\Editor\2020.3.15f2\Editor\Unity.exe
-adb2
-batchMode
-noUpm
-name
AssetImportWorker2
-projectPath
H:/Programming/Unity Games/TrappedMove/TrappedMove
-logFile
Logs/AssetImportWorker2.log
-srvPort
60832
Successfully changed project path to: H:/Programming/Unity Games/TrappedMove/TrappedMove
H:/Programming/Unity Games/TrappedMove/TrappedMove
Using Asset Import Pipeline V2.
Refreshing native plugins compatible for Editor in 194.99 ms, found 3 plugins.
Preloading 0 native plugins for Editor in 0.00 ms.
Initialize engine version: 2020.3.15f2 (6cf78cb77498)
[Subsystems] Discovering subsystems at path C:/Program Files/Unity/Hub/Editor/2020.3.15f2/Editor/Data/Resources/UnitySubsystems
[Subsystems] Discovering subsystems at path H:/Programming/Unity Games/TrappedMove/TrappedMove/Assets
GfxDevice: creating device client; threaded=0
d3d11: QueryInterface(IDXGIFactory5) failed (80004002).
Direct3D:
    Version:  Direct3D 11.0 [level 10.0]
    Renderer: NVIDIA GeForce 8800 GT  (ID=0x611)
    Vendor:   
    VRAM:     991 MB
    Driver:   21.21.13.4201
Could not load symbol clCreateImage : The specified procedure could not be found.


Could not load symbol clEnqueueFillBuffer : The specified procedure could not be found.


Could not load symbol clEnqueueFillImage : The specified procedure could not be found.


Could not load symbol clEnqueueMarkerWithWaitList : The specified procedure could not be found.


Could not load symbol clGetExtensionFunctionAddressForPlatform : The specified procedure could not be found.


Could not load symbol clUnloadPlatformCompiler : The specified procedure could not be found.


Could not load symbol clCreateFromGLTexture : The specified procedure could not be found.


Initialize mono
Mono path[0] = 'C:/Program Files/Unity/Hub/Editor/2020.3.15f2/Editor/Data/Managed'
Mono path[1] = 'C:/Program Files/Unity/Hub/Editor/2020.3.15f2/Editor/Data/MonoBleedingEdge/lib/mono/unityjit'
Mono config path = 'C:/Program Files/Unity/Hub/Editor/2020.3.15f2/Editor/Data/MonoBleedingEdge/etc'
Using monoOptions --debugger-agent=transport=dt_socket,embedding=1,server=y,suspend=n,address=127.0.0.1:56488
Begin MonoManager ReloadAssembly
Registering precompiled unity dll's ...
Register platform support module: C:/Program Files/Unity/Hub/Editor/2020.3.15f2/Editor/Data/PlaybackEngines/WindowsStandaloneSupport/UnityEditor.WindowsStandalone.Extensions.dll
Registered in 0.004176 seconds.
