Using pre-set license
Built from '2020.3/release' branch; Version is '2020.3.15f2 (6cf78cb77498) revision 7141260'; Using compiler version '192528614'; Build Type 'Release'
OS: 'Windows 8.1  (6.3.0) 64bit' Language: 'en' Physical Memory: 8191 MB
BatchMode: 1, IsHumanControllingUs: 0, StartBugReporterOnCrash: 0, Is64bit: 1, IsPro: 0

 COMMAND LINE ARGUMENTS:
C:\Program Files\Unity\Hub\Editor\2020.3.15f2\Editor\Unity.exe
-adb2
-batchMode
-noUpm
-name
AssetImportWorker0
-projectPath
H:/Programming/Unity Games/TrappedMove/TrappedMove
-logFile
Logs/AssetImportWorker0.log
-srvPort
60832
Successfully changed project path to: H:/Programming/Unity Games/TrappedMove/TrappedMove
H:/Programming/Unity Games/TrappedMove/TrappedMove
Using Asset Import Pipeline V2.
